<?xml version="1.0" encoding="UTF-8"?>
<testng-results ignored="3" total="4" passed="0" failed="1" skipped="0">
  <reporter-output>
  </reporter-output>
  <suite started-at="2022-07-06T09:07:26 ICT" name="Default suite" finished-at="2022-07-06T09:07:46 ICT" duration-ms="19163">
    <groups>
    </groups>
    <test started-at="2022-07-06T09:07:26 ICT" name="Default test" finished-at="2022-07-06T09:07:46 ICT" duration-ms="19163">
      <class name="com.telemarketing.test.TaskNewTest">
        <test-method is-config="true" signature="init()[pri:0, instance:com.telemarketing.test.TaskNewTest@48075da3]" started-at="2022-07-06T09:07:26 ICT" name="init" finished-at="2022-07-06T09:07:33 ICT" duration-ms="6834" status="PASS">
          <reporter-output>
          </reporter-output>
        </test-method> <!-- init -->
        <test-method is-config="true" signature="cekSession()[pri:0, instance:com.telemarketing.test.TaskNewTest@48075da3]" started-at="2022-07-06T09:07:33 ICT" name="cekSession" finished-at="2022-07-06T09:07:34 ICT" duration-ms="428" status="PASS">
          <reporter-output>
          </reporter-output>
        </test-method> <!-- cekSession -->
        <test-method signature="test_clickTable_gotoActivity()[pri:4, instance:com.telemarketing.test.TaskNewTest@48075da3]" started-at="2022-07-06T09:07:34 ICT" name="test_clickTable_gotoActivity" finished-at="2022-07-06T09:07:45 ICT" duration-ms="11437" status="FAIL">
          <exception class="java.lang.AssertionError">
            <message>
              <![CDATA[expected [[d] Activity] but found []]]>
            </message>
            <full-stacktrace>
              <![CDATA[java.lang.AssertionError: expected [[d] Activity] but found []
at org.testng.Assert.fail(Assert.java:110)
at org.testng.Assert.failNotEquals(Assert.java:1413)
at org.testng.Assert.assertEqualsImpl(Assert.java:149)
at org.testng.Assert.assertEquals(Assert.java:131)
at org.testng.Assert.assertEquals(Assert.java:655)
at org.testng.Assert.assertEquals(Assert.java:665)
at com.telemarketing.test.TaskNewTest.test_clickTable_gotoActivity(TaskNewTest.java:232)
at java.base/jdk.internal.reflect.NativeMethodAccessorImpl.invoke0(Native Method)
at java.base/jdk.internal.reflect.NativeMethodAccessorImpl.invoke(NativeMethodAccessorImpl.java:62)
at java.base/jdk.internal.reflect.DelegatingMethodAccessorImpl.invoke(DelegatingMethodAccessorImpl.java:43)
at java.base/java.lang.reflect.Method.invoke(Method.java:566)
at org.testng.internal.invokers.MethodInvocationHelper.invokeMethod(MethodInvocationHelper.java:139)
at org.testng.internal.invokers.TestInvoker.invokeMethod(TestInvoker.java:677)
at org.testng.internal.invokers.TestInvoker.invokeTestMethod(TestInvoker.java:221)
at org.testng.internal.invokers.MethodRunner.runInSequence(MethodRunner.java:50)
at org.testng.internal.invokers.TestInvoker$MethodInvocationAgent.invoke(TestInvoker.java:962)
at org.testng.internal.invokers.TestInvoker.invokeTestMethods(TestInvoker.java:194)
at org.testng.internal.invokers.TestMethodWorker.invokeTestMethods(TestMethodWorker.java:148)
at org.testng.internal.invokers.TestMethodWorker.run(TestMethodWorker.java:128)
at java.base/java.util.ArrayList.forEach(ArrayList.java:1541)
at org.testng.TestRunner.privateRun(TestRunner.java:806)
at org.testng.TestRunner.run(TestRunner.java:601)
at org.testng.SuiteRunner.runTest(SuiteRunner.java:433)
at org.testng.SuiteRunner.runSequentially(SuiteRunner.java:427)
at org.testng.SuiteRunner.privateRun(SuiteRunner.java:387)
at org.testng.SuiteRunner.run(SuiteRunner.java:330)
at org.testng.SuiteRunnerWorker.runSuite(SuiteRunnerWorker.java:52)
at org.testng.SuiteRunnerWorker.run(SuiteRunnerWorker.java:95)
at org.testng.TestNG.runSuitesSequentially(TestNG.java:1256)
at org.testng.TestNG.runSuitesLocally(TestNG.java:1176)
at org.testng.TestNG.runSuites(TestNG.java:1099)
at org.testng.TestNG.run(TestNG.java:1067)
at org.testng.remote.AbstractRemoteTestNG.run(AbstractRemoteTestNG.java:115)
at org.testng.remote.RemoteTestNG.initAndRun(RemoteTestNG.java:251)
at org.testng.remote.RemoteTestNG.main(RemoteTestNG.java:77)
]]>
            </full-stacktrace>
          </exception> <!-- java.lang.AssertionError -->
          <reporter-output>
          </reporter-output>
        </test-method> <!-- test_clickTable_gotoActivity -->
        <test-method is-config="true" signature="close()[pri:0, instance:com.telemarketing.test.TaskNewTest@48075da3]" started-at="2022-07-06T09:07:45 ICT" name="close" finished-at="2022-07-06T09:07:46 ICT" duration-ms="299" status="PASS">
          <reporter-output>
          </reporter-output>
        </test-method> <!-- close -->
      </class> <!-- com.telemarketing.test.TaskNewTest -->
    </test> <!-- Default test -->
  </suite> <!-- Default suite -->
</testng-results>
